Determining if the pthread_create exist failed with the following output:
Change Dir: /home/developer/vegetation-management/catkin_ws/build/CMakeFiles/CMakeTmp

Run Build Command:"/usr/bin/make" "cmTC_425cc/fast"
/usr/bin/make -f CMakeFiles/cmTC_425cc.dir/build.make CMakeFiles/cmTC_425cc.dir/build
make[1]: Entering directory '/home/developer/vegetation-management/catkin_ws/build/CMakeFiles/CMakeTmp'
Building C object CMakeFiles/cmTC_425cc.dir/CheckSymbolExists.c.o
/usr/bin/cc     -o CMakeFiles/cmTC_425cc.dir/CheckSymbolExists.c.o   -c /home/developer/vegetation-management/catkin_ws/build/CMakeFiles/CMakeTmp/CheckSymbolExists.c
Linking C executable cmTC_425cc
/usr/bin/cmake -E cmake_link_script CMakeFiles/cmTC_425cc.dir/link.txt --verbose=1
/usr/bin/cc       CMakeFiles/cmTC_425cc.dir/CheckSymbolExists.c.o  -o cmTC_425cc -rdynamic 
CMakeFiles/cmTC_425cc.dir/CheckSymbolExists.c.o: In function `main':
CheckSymbolExists.c:(.text+0x16): undefined reference to `pthread_create'
collect2: error: ld returned 1 exit status
CMakeFiles/cmTC_425cc.dir/build.make:97: recipe for target 'cmTC_425cc' failed
make[1]: *** [cmTC_425cc] Error 1
make[1]: Leaving directory '/home/developer/vegetation-management/catkin_ws/build/CMakeFiles/CMakeTmp'
Makefile:126: recipe for target 'cmTC_425cc/fast' failed
make: *** [cmTC_425cc/fast] Error 2

File /home/developer/vegetation-management/catkin_ws/build/CMakeFiles/CMakeTmp/CheckSymbolExists.c:
/* */
#include <pthread.h>

int main(int argc, char** argv)
{
  (void)argv;
#ifndef pthread_create
  return ((int*)(&pthread_create))[argc];
#else
  (void)argc;
  return 0;
#endif
}

Determining if the function pthread_create exists in the pthreads failed with the following output:
Change Dir: /home/developer/vegetation-management/catkin_ws/build/CMakeFiles/CMakeTmp

Run Build Command:"/usr/bin/make" "cmTC_cc9ef/fast"
/usr/bin/make -f CMakeFiles/cmTC_cc9ef.dir/build.make CMakeFiles/cmTC_cc9ef.dir/build
make[1]: Entering directory '/home/developer/vegetation-management/catkin_ws/build/CMakeFiles/CMakeTmp'
Building C object CMakeFiles/cmTC_cc9ef.dir/CheckFunctionExists.c.o
/usr/bin/cc    -DCHECK_FUNCTION_EXISTS=pthread_create   -o CMakeFiles/cmTC_cc9ef.dir/CheckFunctionExists.c.o   -c /usr/share/cmake-3.5/Modules/CheckFunctionExists.c
Linking C executable cmTC_cc9ef
/usr/bin/cmake -E cmake_link_script CMakeFiles/cmTC_cc9ef.dir/link.txt --verbose=1
/usr/bin/cc   -DCHECK_FUNCTION_EXISTS=pthread_create    CMakeFiles/cmTC_cc9ef.dir/CheckFunctionExists.c.o  -o cmTC_cc9ef -rdynamic -lpthreads 
/usr/bin/ld: cannot find -lpthreads
collect2: error: ld returned 1 exit status
CMakeFiles/cmTC_cc9ef.dir/build.make:97: recipe for target 'cmTC_cc9ef' failed
make[1]: *** [cmTC_cc9ef] Error 1
make[1]: Leaving directory '/home/developer/vegetation-management/catkin_ws/build/CMakeFiles/CMakeTmp'
Makefile:126: recipe for target 'cmTC_cc9ef/fast' failed
make: *** [cmTC_cc9ef/fast] Error 2


